{
"c:\\projects\\hubot-example\\dist\\specs\\chuckNorris.spec.js":{"path":"c:\\projects\\hubot-example\\dist\\specs\\chuckNorris.spec.js","s":{"1":1,"2":1,"3":1,"4":1,"5":1,"6":1,"7":1,"8":1,"9":1,"10":1,"11":1,"12":1,"13":2,"14":1,"15":1,"16":1,"17":1,"18":1,"19":1,"20":1,"21":1,"22":1,"23":1},"b":{},"f":{"1":1,"2":2,"3":1,"4":1},"fnMap":{"1":{"name":"(anonymous_1)","line":18,"loc":{"start":{"line":18,"column":56},"end":{"line":18,"column":68}}},"2":{"name":"(anonymous_2)","line":19,"loc":{"start":{"line":19,"column":15},"end":{"line":19,"column":27}}},"3":{"name":"(anonymous_3)","line":22,"loc":{"start":{"line":22,"column":56},"end":{"line":22,"column":72}}},"4":{"name":"(anonymous_4)","line":28,"loc":{"start":{"line":28,"column":55},"end":{"line":28,"column":71}}}},"statementMap":{"1":{"start":{"line":8,"column":0},"end":{"line":8,"column":17}},"2":{"start":{"line":9,"column":0},"end":{"line":9,"column":27}},"3":{"start":{"line":10,"column":0},"end":{"line":10,"column":49}},"4":{"start":{"line":11,"column":0},"end":{"line":11,"column":25}},"5":{"start":{"line":12,"column":0},"end":{"line":12,"column":25}},"6":{"start":{"line":13,"column":0},"end":{"line":13,"column":52}},"7":{"start":{"line":14,"column":0},"end":{"line":14,"column":39}},"8":{"start":{"line":15,"column":0},"end":{"line":15,"column":30}},"9":{"start":{"line":16,"column":0},"end":{"line":16,"column":42}},"10":{"start":{"line":17,"column":0},"end":{"line":17,"column":36}},"11":{"start":{"line":18,"column":0},"end":{"line":34,"column":3}},"12":{"start":{"line":19,"column":4},"end":{"line":21,"column":7}},"13":{"start":{"line":20,"column":8},"end":{"line":20,"column":38}},"14":{"start":{"line":22,"column":4},"end":{"line":27,"column":7}},"15":{"start":{"line":23,"column":8},"end":{"line":23,"column":42}},"16":{"start":{"line":24,"column":8},"end":{"line":24,"column":62}},"17":{"start":{"line":25,"column":8},"end":{"line":25,"column":33}},"18":{"start":{"line":26,"column":8},"end":{"line":26,"column":94}},"19":{"start":{"line":28,"column":4},"end":{"line":33,"column":7}},"20":{"start":{"line":29,"column":8},"end":{"line":29,"column":42}},"21":{"start":{"line":30,"column":8},"end":{"line":30,"column":56}},"22":{"start":{"line":31,"column":8},"end":{"line":31,"column":33}},"23":{"start":{"line":32,"column":8},"end":{"line":32,"column":95}}},"branchMap":{},"l":{"8":1,"9":1,"10":1,"11":1,"12":1,"13":1,"14":1,"15":1,"16":1,"17":1,"18":1,"19":1,"20":2,"22":1,"23":1,"24":1,"25":1,"26":1,"28":1,"29":1,"30":1,"31":1,"32":1}},
"c:\\projects\\hubot-example\\dist\\helpers\\messageSender.js":{"path":"c:\\projects\\hubot-example\\dist\\helpers\\messageSender.js","s":{"1":1,"2":1,"3":1,"4":2,"5":2,"6":1,"7":0,"8":0,"9":1,"10":1},"b":{"1":[2,0],"2":[0,0]},"f":{"1":1,"2":1,"3":2,"4":0},"fnMap":{"1":{"name":"(anonymous_1)","line":1,"loc":{"start":{"line":1,"column":21},"end":{"line":1,"column":33}}},"2":{"name":"MessageSender","line":2,"loc":{"start":{"line":2,"column":4},"end":{"line":2,"column":29}}},"3":{"name":"(anonymous_3)","line":4,"loc":{"start":{"line":4,"column":35},"end":{"line":4,"column":67}}},"4":{"name":"(anonymous_4)","line":9,"loc":{"start":{"line":9,"column":36},"end":{"line":9,"column":68}}}},"statementMap":{"1":{"start":{"line":1,"column":0},"end":{"line":15,"column":5}},"2":{"start":{"line":2,"column":4},"end":{"line":3,"column":5}},"3":{"start":{"line":4,"column":4},"end":{"line":8,"column":6}},"4":{"start":{"line":5,"column":8},"end":{"line":7,"column":9}},"5":{"start":{"line":6,"column":12},"end":{"line":6,"column":38}},"6":{"start":{"line":9,"column":4},"end":{"line":13,"column":6}},"7":{"start":{"line":10,"column":8},"end":{"line":12,"column":9}},"8":{"start":{"line":11,"column":12},"end":{"line":11,"column":39}},"9":{"start":{"line":14,"column":4},"end":{"line":14,"column":25}},"10":{"start":{"line":16,"column":0},"end":{"line":16,"column":38}}},"branchMap":{"1":{"line":5,"type":"if","locations":[{"start":{"line":5,"column":8},"end":{"line":5,"column":8}},{"start":{"line":5,"column":8},"end":{"line":5,"column":8}}]},"2":{"line":10,"type":"if","locations":[{"start":{"line":10,"column":8},"end":{"line":10,"column":8}},{"start":{"line":10,"column":8},"end":{"line":10,"column":8}}]}},"l":{"1":1,"2":1,"4":1,"5":2,"6":2,"9":1,"10":0,"11":0,"14":1,"16":1}},
"c:\\projects\\hubot-example\\dist\\helpers\\chuckNorrisImpersonator.js":{"path":"c:\\projects\\hubot-example\\dist\\helpers\\chuckNorrisImpersonator.js","s":{"1":1,"2":1,"3":1,"4":1,"5":2,"6":2,"7":1,"8":2,"9":2,"10":2,"11":2,"12":2,"13":0,"14":2,"15":0,"16":1,"17":1},"b":{"1":[1,1],"2":[0,2]},"f":{"1":1,"2":1,"3":2,"4":2,"5":0},"fnMap":{"1":{"name":"(anonymous_1)","line":1,"loc":{"start":{"line":1,"column":31},"end":{"line":1,"column":43}}},"2":{"name":"ChuckNorrisImpersonator","line":2,"loc":{"start":{"line":2,"column":4},"end":{"line":2,"column":48}}},"3":{"name":"(anonymous_3)","line":5,"loc":{"start":{"line":5,"column":52},"end":{"line":5,"column":68}}},"4":{"name":"(anonymous_4)","line":10,"loc":{"start":{"line":10,"column":28},"end":{"line":10,"column":44}}},"5":{"name":"(anonymous_5)","line":19,"loc":{"start":{"line":19,"column":17},"end":{"line":19,"column":32}}}},"statementMap":{"1":{"start":{"line":1,"column":0},"end":{"line":24,"column":5}},"2":{"start":{"line":2,"column":4},"end":{"line":4,"column":5}},"3":{"start":{"line":3,"column":8},"end":{"line":3,"column":35}},"4":{"start":{"line":5,"column":4},"end":{"line":22,"column":6}},"5":{"start":{"line":6,"column":8},"end":{"line":6,"column":59}},"6":{"start":{"line":7,"column":8},"end":{"line":8,"column":70}},"7":{"start":{"line":8,"column":12},"end":{"line":8,"column":70}},"8":{"start":{"line":9,"column":8},"end":{"line":9,"column":47}},"9":{"start":{"line":10,"column":8},"end":{"line":21,"column":11}},"10":{"start":{"line":11,"column":12},"end":{"line":11,"column":54}},"11":{"start":{"line":12,"column":12},"end":{"line":12,"column":53}},"12":{"start":{"line":13,"column":12},"end":{"line":18,"column":13}},"13":{"start":{"line":14,"column":16},"end":{"line":14,"column":70}},"14":{"start":{"line":17,"column":16},"end":{"line":17,"column":50}},"15":{"start":{"line":20,"column":12},"end":{"line":20,"column":47}},"16":{"start":{"line":23,"column":4},"end":{"line":23,"column":35}},"17":{"start":{"line":25,"column":0},"end":{"line":25,"column":58}}},"branchMap":{"1":{"line":7,"type":"if","locations":[{"start":{"line":7,"column":8},"end":{"line":7,"column":8}},{"start":{"line":7,"column":8},"end":{"line":7,"column":8}}]},"2":{"line":13,"type":"if","locations":[{"start":{"line":13,"column":12},"end":{"line":13,"column":12}},{"start":{"line":13,"column":12},"end":{"line":13,"column":12}}]}},"l":{"1":1,"2":1,"3":1,"5":1,"6":2,"7":2,"8":1,"9":2,"10":2,"11":2,"12":2,"13":2,"14":0,"17":2,"20":0,"23":1,"25":1}},
"c:\\projects\\hubot-example\\dist\\specs\\chuckNorrisImpersonator.specs.js":{"path":"c:\\projects\\hubot-example\\dist\\specs\\chuckNorrisImpersonator.specs.js","s":{"1":1,"2":1,"3":1,"4":1,"5":1,"6":1,"7":1,"8":1,"9":1,"10":4,"11":1,"12":1,"13":1,"14":1,"15":1,"16":1,"17":1,"18":1,"19":1,"20":1,"21":1,"22":1,"23":1,"24":1,"25":1,"26":1,"27":1,"28":1,"29":1,"30":1,"31":1,"32":1,"33":1,"34":1,"35":1,"36":1,"37":1,"38":1,"39":1,"40":1,"41":1,"42":1,"43":1},"b":{},"f":{"1":1,"2":4,"3":1,"4":1,"5":1,"6":1,"7":1,"8":1,"9":1,"10":1,"11":1,"12":1,"13":1,"14":1},"fnMap":{"1":{"name":"(anonymous_1)","line":12,"loc":{"start":{"line":12,"column":42},"end":{"line":12,"column":54}}},"2":{"name":"(anonymous_2)","line":13,"loc":{"start":{"line":13,"column":15},"end":{"line":13,"column":27}}},"3":{"name":"(anonymous_3)","line":16,"loc":{"start":{"line":16,"column":45},"end":{"line":16,"column":57}}},"4":{"name":"(anonymous_4)","line":19,"loc":{"start":{"line":19,"column":19},"end":{"line":19,"column":31}}},"5":{"name":"(anonymous_5)","line":24,"loc":{"start":{"line":24,"column":60},"end":{"line":24,"column":76}}},"6":{"name":"(anonymous_6)","line":28,"loc":{"start":{"line":28,"column":48},"end":{"line":28,"column":60}}},"7":{"name":"(anonymous_7)","line":30,"loc":{"start":{"line":30,"column":19},"end":{"line":30,"column":31}}},"8":{"name":"(anonymous_8)","line":35,"loc":{"start":{"line":35,"column":35},"end":{"line":35,"column":51}}},"9":{"name":"(anonymous_9)","line":39,"loc":{"start":{"line":39,"column":49},"end":{"line":39,"column":61}}},"10":{"name":"(anonymous_10)","line":41,"loc":{"start":{"line":41,"column":19},"end":{"line":41,"column":31}}},"11":{"name":"(anonymous_11)","line":46,"loc":{"start":{"line":46,"column":44},"end":{"line":46,"column":60}}},"12":{"name":"(anonymous_12)","line":50,"loc":{"start":{"line":50,"column":49},"end":{"line":50,"column":61}}},"13":{"name":"(anonymous_13)","line":53,"loc":{"start":{"line":53,"column":19},"end":{"line":53,"column":31}}},"14":{"name":"(anonymous_14)","line":57,"loc":{"start":{"line":57,"column":52},"end":{"line":57,"column":68}}}},"statementMap":{"1":{"start":{"line":5,"column":0},"end":{"line":5,"column":17}},"2":{"start":{"line":6,"column":0},"end":{"line":6,"column":27}},"3":{"start":{"line":7,"column":0},"end":{"line":7,"column":49}},"4":{"start":{"line":8,"column":0},"end":{"line":8,"column":25}},"5":{"start":{"line":9,"column":0},"end":{"line":9,"column":25}},"6":{"start":{"line":10,"column":0},"end":{"line":10,"column":54}},"7":{"start":{"line":11,"column":0},"end":{"line":11,"column":55}},"8":{"start":{"line":12,"column":0},"end":{"line":61,"column":3}},"9":{"start":{"line":13,"column":4},"end":{"line":15,"column":7}},"10":{"start":{"line":14,"column":8},"end":{"line":14,"column":48}},"11":{"start":{"line":16,"column":4},"end":{"line":27,"column":7}},"12":{"start":{"line":17,"column":8},"end":{"line":17,"column":27}},"13":{"start":{"line":18,"column":8},"end":{"line":18,"column":47}},"14":{"start":{"line":19,"column":8},"end":{"line":23,"column":11}},"15":{"start":{"line":20,"column":12},"end":{"line":20,"column":88}},"16":{"start":{"line":21,"column":12},"end":{"line":21,"column":134}},"17":{"start":{"line":22,"column":12},"end":{"line":22,"column":85}},"18":{"start":{"line":24,"column":8},"end":{"line":26,"column":11}},"19":{"start":{"line":25,"column":12},"end":{"line":25,"column":99}},"20":{"start":{"line":28,"column":4},"end":{"line":38,"column":7}},"21":{"start":{"line":29,"column":8},"end":{"line":29,"column":34}},"22":{"start":{"line":30,"column":8},"end":{"line":34,"column":11}},"23":{"start":{"line":31,"column":12},"end":{"line":31,"column":88}},"24":{"start":{"line":32,"column":12},"end":{"line":32,"column":101}},"25":{"start":{"line":33,"column":12},"end":{"line":33,"column":85}},"26":{"start":{"line":35,"column":8},"end":{"line":37,"column":11}},"27":{"start":{"line":36,"column":12},"end":{"line":36,"column":95}},"28":{"start":{"line":39,"column":4},"end":{"line":49,"column":7}},"29":{"start":{"line":40,"column":8},"end":{"line":40,"column":69}},"30":{"start":{"line":41,"column":8},"end":{"line":45,"column":11}},"31":{"start":{"line":42,"column":12},"end":{"line":42,"column":83}},"32":{"start":{"line":43,"column":12},"end":{"line":43,"column":101}},"33":{"start":{"line":44,"column":12},"end":{"line":44,"column":85}},"34":{"start":{"line":46,"column":8},"end":{"line":48,"column":11}},"35":{"start":{"line":47,"column":12},"end":{"line":47,"column":95}},"36":{"start":{"line":50,"column":4},"end":{"line":60,"column":7}},"37":{"start":{"line":51,"column":8},"end":{"line":51,"column":41}},"38":{"start":{"line":52,"column":8},"end":{"line":52,"column":64}},"39":{"start":{"line":53,"column":8},"end":{"line":56,"column":11}},"40":{"start":{"line":54,"column":12},"end":{"line":54,"column":51}},"41":{"start":{"line":55,"column":12},"end":{"line":55,"column":85}},"42":{"start":{"line":57,"column":8},"end":{"line":59,"column":11}},"43":{"start":{"line":58,"column":12},"end":{"line":58,"column":107}}},"branchMap":{},"l":{"5":1,"6":1,"7":1,"8":1,"9":1,"10":1,"11":1,"12":1,"13":1,"14":4,"16":1,"17":1,"18":1,"19":1,"20":1,"21":1,"22":1,"24":1,"25":1,"28":1,"29":1,"30":1,"31":1,"32":1,"33":1,"35":1,"36":1,"39":1,"40":1,"41":1,"42":1,"43":1,"44":1,"46":1,"47":1,"50":1,"51":1,"52":1,"53":1,"54":1,"55":1,"57":1,"58":1}},
"c:\\projects\\hubot-example\\dist\\specs\\helloWorld.spec.js":{"path":"c:\\projects\\hubot-example\\dist\\specs\\helloWorld.spec.js","s":{"1":1,"2":1,"3":1,"4":1,"5":1,"6":1,"7":1,"8":1,"9":1,"10":1,"11":2,"12":1,"13":1,"14":1,"15":1,"16":1,"17":1,"18":1,"19":1,"20":1,"21":1},"b":{},"f":{"1":1,"2":2,"3":1,"4":1},"fnMap":{"1":{"name":"(anonymous_1)","line":9,"loc":{"start":{"line":9,"column":41},"end":{"line":9,"column":53}}},"2":{"name":"(anonymous_2)","line":10,"loc":{"start":{"line":10,"column":15},"end":{"line":10,"column":27}}},"3":{"name":"(anonymous_3)","line":13,"loc":{"start":{"line":13,"column":50},"end":{"line":13,"column":62}}},"4":{"name":"(anonymous_4)","line":19,"loc":{"start":{"line":19,"column":55},"end":{"line":19,"column":67}}}},"statementMap":{"1":{"start":{"line":1,"column":0},"end":{"line":1,"column":17}},"2":{"start":{"line":2,"column":0},"end":{"line":2,"column":50}},"3":{"start":{"line":3,"column":0},"end":{"line":3,"column":39}},"4":{"start":{"line":4,"column":0},"end":{"line":4,"column":30}},"5":{"start":{"line":5,"column":0},"end":{"line":5,"column":42}},"6":{"start":{"line":6,"column":0},"end":{"line":6,"column":36}},"7":{"start":{"line":7,"column":0},"end":{"line":7,"column":27}},"8":{"start":{"line":8,"column":0},"end":{"line":8,"column":25}},"9":{"start":{"line":9,"column":0},"end":{"line":25,"column":3}},"10":{"start":{"line":10,"column":4},"end":{"line":12,"column":7}},"11":{"start":{"line":11,"column":8},"end":{"line":11,"column":38}},"12":{"start":{"line":13,"column":4},"end":{"line":18,"column":7}},"13":{"start":{"line":14,"column":8},"end":{"line":14,"column":38}},"14":{"start":{"line":15,"column":8},"end":{"line":15,"column":45}},"15":{"start":{"line":16,"column":8},"end":{"line":16,"column":32}},"16":{"start":{"line":17,"column":8},"end":{"line":17,"column":55}},"17":{"start":{"line":19,"column":4},"end":{"line":24,"column":7}},"18":{"start":{"line":20,"column":8},"end":{"line":20,"column":38}},"19":{"start":{"line":21,"column":8},"end":{"line":21,"column":45}},"20":{"start":{"line":22,"column":8},"end":{"line":22,"column":32}},"21":{"start":{"line":23,"column":8},"end":{"line":23,"column":51}}},"branchMap":{},"l":{"1":1,"2":1,"3":1,"4":1,"5":1,"6":1,"7":1,"8":1,"9":1,"10":1,"11":2,"13":1,"14":1,"15":1,"16":1,"17":1,"19":1,"20":1,"21":1,"22":1,"23":1}},
"c:\\projects\\hubot-example\\dist\\specs\\messageSender.spec.js":{"path":"c:\\projects\\hubot-example\\dist\\specs\\messageSender.spec.js","s":{"1":1,"2":1,"3":1,"4":1,"5":1,"6":1,"7":1,"8":4,"9":4,"10":1,"11":1,"12":1,"13":1,"14":1,"15":1,"16":1,"17":1,"18":1,"19":1,"20":1,"21":1},"b":{},"f":{"1":1,"2":4,"3":1,"4":1,"5":1,"6":1},"fnMap":{"1":{"name":"(anonymous_1)","line":11,"loc":{"start":{"line":11,"column":31},"end":{"line":11,"column":43}}},"2":{"name":"(anonymous_2)","line":12,"loc":{"start":{"line":12,"column":15},"end":{"line":12,"column":27}}},"3":{"name":"(anonymous_3)","line":16,"loc":{"start":{"line":16,"column":37},"end":{"line":16,"column":49}}},"4":{"name":"(anonymous_4)","line":20,"loc":{"start":{"line":20,"column":43},"end":{"line":20,"column":55}}},"5":{"name":"(anonymous_5)","line":24,"loc":{"start":{"line":24,"column":40},"end":{"line":24,"column":52}}},"6":{"name":"(anonymous_6)","line":28,"loc":{"start":{"line":28,"column":46},"end":{"line":28,"column":58}}}},"statementMap":{"1":{"start":{"line":6,"column":0},"end":{"line":6,"column":17}},"2":{"start":{"line":7,"column":0},"end":{"line":7,"column":27}},"3":{"start":{"line":8,"column":0},"end":{"line":8,"column":25}},"4":{"start":{"line":9,"column":0},"end":{"line":9,"column":44}},"5":{"start":{"line":10,"column":0},"end":{"line":10,"column":40}},"6":{"start":{"line":11,"column":0},"end":{"line":32,"column":3}},"7":{"start":{"line":12,"column":4},"end":{"line":15,"column":7}},"8":{"start":{"line":13,"column":8},"end":{"line":13,"column":52}},"9":{"start":{"line":14,"column":8},"end":{"line":14,"column":46}},"10":{"start":{"line":16,"column":4},"end":{"line":19,"column":7}},"11":{"start":{"line":17,"column":8},"end":{"line":17,"column":57}},"12":{"start":{"line":18,"column":8},"end":{"line":18,"column":60}},"13":{"start":{"line":20,"column":4},"end":{"line":23,"column":7}},"14":{"start":{"line":21,"column":8},"end":{"line":21,"column":49}},"15":{"start":{"line":22,"column":8},"end":{"line":22,"column":60}},"16":{"start":{"line":24,"column":4},"end":{"line":27,"column":7}},"17":{"start":{"line":25,"column":8},"end":{"line":25,"column":58}},"18":{"start":{"line":26,"column":8},"end":{"line":26,"column":63}},"19":{"start":{"line":28,"column":4},"end":{"line":31,"column":7}},"20":{"start":{"line":29,"column":8},"end":{"line":29,"column":50}},"21":{"start":{"line":30,"column":8},"end":{"line":30,"column":63}}},"branchMap":{},"l":{"6":1,"7":1,"8":1,"9":1,"10":1,"11":1,"12":1,"13":4,"14":4,"16":1,"17":1,"18":1,"20":1,"21":1,"22":1,"24":1,"25":1,"26":1,"28":1,"29":1,"30":1}},
"c:\\projects\\hubot-example\\dist\\specs\\fakes\\fakeHttpClient.js":{"path":"c:\\projects\\hubot-example\\dist\\specs\\fakes\\fakeHttpClient.js","s":{"1":1,"2":1,"3":1,"4":1,"5":1,"6":0,"7":1,"8":0,"9":1,"10":0,"11":0,"12":0,"13":0,"14":0,"15":0,"16":0,"17":0,"18":0,"19":0,"20":1,"21":1},"b":{"1":[0,0],"2":[0,0],"3":[0,0]},"f":{"1":1,"2":0,"3":0,"4":0,"5":0,"6":0,"7":0},"fnMap":{"1":{"name":"(anonymous_1)","line":4,"loc":{"start":{"line":4,"column":22},"end":{"line":4,"column":34}}},"2":{"name":"FakeHttpClient","line":5,"loc":{"start":{"line":5,"column":4},"end":{"line":5,"column":30}}},"3":{"name":"(anonymous_3)","line":7,"loc":{"start":{"line":7,"column":46},"end":{"line":7,"column":61}}},"4":{"name":"(anonymous_4)","line":10,"loc":{"start":{"line":10,"column":40},"end":{"line":10,"column":69}}},"5":{"name":"(anonymous_5)","line":16,"loc":{"start":{"line":16,"column":35},"end":{"line":16,"column":50}}},"6":{"name":"(anonymous_6)","line":18,"loc":{"start":{"line":18,"column":31},"end":{"line":18,"column":58}}},"7":{"name":"(anonymous_7)","line":29,"loc":{"start":{"line":29,"column":27},"end":{"line":29,"column":54}}}},"statementMap":{"1":{"start":{"line":2,"column":0},"end":{"line":2,"column":34}},"2":{"start":{"line":3,"column":0},"end":{"line":3,"column":27}},"3":{"start":{"line":4,"column":0},"end":{"line":34,"column":5}},"4":{"start":{"line":5,"column":4},"end":{"line":6,"column":5}},"5":{"start":{"line":7,"column":4},"end":{"line":9,"column":6}},"6":{"start":{"line":8,"column":8},"end":{"line":8,"column":36}},"7":{"start":{"line":10,"column":4},"end":{"line":15,"column":6}},"8":{"start":{"line":11,"column":8},"end":{"line":14,"column":10}},"9":{"start":{"line":16,"column":4},"end":{"line":32,"column":6}},"10":{"start":{"line":17,"column":8},"end":{"line":21,"column":9}},"11":{"start":{"line":18,"column":12},"end":{"line":20,"column":15}},"12":{"start":{"line":19,"column":16},"end":{"line":19,"column":46}},"13":{"start":{"line":22,"column":8},"end":{"line":24,"column":9}},"14":{"start":{"line":23,"column":12},"end":{"line":23,"column":72}},"15":{"start":{"line":25,"column":8},"end":{"line":27,"column":9}},"16":{"start":{"line":26,"column":12},"end":{"line":26,"column":78}},"17":{"start":{"line":28,"column":8},"end":{"line":28,"column":60}},"18":{"start":{"line":29,"column":8},"end":{"line":31,"column":11}},"19":{"start":{"line":30,"column":12},"end":{"line":30,"column":34}},"20":{"start":{"line":33,"column":4},"end":{"line":33,"column":26}},"21":{"start":{"line":35,"column":0},"end":{"line":35,"column":32}}},"branchMap":{"1":{"line":17,"type":"if","locations":[{"start":{"line":17,"column":8},"end":{"line":17,"column":8}},{"start":{"line":17,"column":8},"end":{"line":17,"column":8}}]},"2":{"line":22,"type":"if","locations":[{"start":{"line":22,"column":8},"end":{"line":22,"column":8}},{"start":{"line":22,"column":8},"end":{"line":22,"column":8}}]},"3":{"line":25,"type":"if","locations":[{"start":{"line":25,"column":8},"end":{"line":25,"column":8}},{"start":{"line":25,"column":8},"end":{"line":25,"column":8}}]}},"l":{"2":1,"3":1,"4":1,"5":1,"7":1,"8":0,"10":1,"11":0,"16":1,"17":0,"18":0,"19":0,"22":0,"23":0,"25":0,"26":0,"28":0,"29":0,"30":0,"33":1,"35":1}},
"c:\\projects\\hubot-example\\dist\\specs\\fakes\\fakeResponse.js":{"path":"c:\\projects\\hubot-example\\dist\\specs\\fakes\\fakeResponse.js","s":{"1":1,"2":1,"3":1,"4":1,"5":0,"6":0,"7":0,"8":0,"9":0,"10":0,"11":0,"12":0,"13":0,"14":0,"15":0,"16":0,"17":0,"18":0,"19":0,"20":1,"21":1},"b":{},"f":{"1":1,"2":0,"3":0,"4":0,"5":0,"6":0,"7":0},"fnMap":{"1":{"name":"(anonymous_1)","line":4,"loc":{"start":{"line":4,"column":20},"end":{"line":4,"column":32}}},"2":{"name":"FakeResponse","line":5,"loc":{"start":{"line":5,"column":4},"end":{"line":5,"column":28}}},"3":{"name":"(anonymous_3)","line":9,"loc":{"start":{"line":9,"column":39},"end":{"line":9,"column":66}}},"4":{"name":"(anonymous_4)","line":12,"loc":{"start":{"line":12,"column":21},"end":{"line":12,"column":36}}},"5":{"name":"(anonymous_5)","line":15,"loc":{"start":{"line":15,"column":20},"end":{"line":15,"column":35}}},"6":{"name":"(anonymous_6)","line":19,"loc":{"start":{"line":19,"column":38},"end":{"line":19,"column":50}}},"7":{"name":"(anonymous_7)","line":23,"loc":{"start":{"line":23,"column":31},"end":{"line":23,"column":50}}}},"statementMap":{"1":{"start":{"line":2,"column":0},"end":{"line":2,"column":34}},"2":{"start":{"line":3,"column":0},"end":{"line":3,"column":27}},"3":{"start":{"line":4,"column":0},"end":{"line":28,"column":5}},"4":{"start":{"line":5,"column":4},"end":{"line":26,"column":5}},"5":{"start":{"line":6,"column":8},"end":{"line":6,"column":25}},"6":{"start":{"line":7,"column":8},"end":{"line":7,"column":34}},"7":{"start":{"line":8,"column":8},"end":{"line":8,"column":37}},"8":{"start":{"line":9,"column":8},"end":{"line":11,"column":11}},"9":{"start":{"line":10,"column":12},"end":{"line":10,"column":40}},"10":{"start":{"line":12,"column":8},"end":{"line":14,"column":10}},"11":{"start":{"line":13,"column":12},"end":{"line":13,"column":39}},"12":{"start":{"line":15,"column":8},"end":{"line":18,"column":10}},"13":{"start":{"line":16,"column":12},"end":{"line":16,"column":36}},"14":{"start":{"line":17,"column":12},"end":{"line":17,"column":35}},"15":{"start":{"line":19,"column":8},"end":{"line":21,"column":10}},"16":{"start":{"line":20,"column":12},"end":{"line":20,"column":37}},"17":{"start":{"line":22,"column":8},"end":{"line":22,"column":24}},"18":{"start":{"line":23,"column":8},"end":{"line":25,"column":10}},"19":{"start":{"line":24,"column":12},"end":{"line":24,"column":34}},"20":{"start":{"line":27,"column":4},"end":{"line":27,"column":24}},"21":{"start":{"line":29,"column":0},"end":{"line":29,"column":36}}},"branchMap":{},"l":{"2":1,"3":1,"4":1,"5":1,"6":0,"7":0,"8":0,"9":0,"10":0,"12":0,"13":0,"15":0,"16":0,"17":0,"19":0,"20":0,"22":0,"23":0,"24":0,"27":1,"29":1}},
"c:\\projects\\hubot-example\\dist\\specs\\fakes\\fakeRobot.js":{"path":"c:\\projects\\hubot-example\\dist\\specs\\fakes\\fakeRobot.js","s":{"1":1,"2":1,"3":1,"4":0,"5":1,"6":0,"7":0,"8":0,"9":0,"10":1,"11":0,"12":0,"13":0,"14":0,"15":0,"16":0,"17":1,"18":0,"19":1,"20":1},"b":{"1":[0,0],"2":[0,0]},"f":{"1":1,"2":0,"3":0,"4":0,"5":0,"6":0,"7":0},"fnMap":{"1":{"name":"(anonymous_1)","line":2,"loc":{"start":{"line":2,"column":17},"end":{"line":2,"column":29}}},"2":{"name":"FakeRobot","line":3,"loc":{"start":{"line":3,"column":4},"end":{"line":3,"column":25}}},"3":{"name":"(anonymous_3)","line":6,"loc":{"start":{"line":6,"column":31},"end":{"line":6,"column":51}}},"4":{"name":"(anonymous_4)","line":7,"loc":{"start":{"line":7,"column":50},"end":{"line":7,"column":63}}},"5":{"name":"(anonymous_5)","line":14,"loc":{"start":{"line":14,"column":34},"end":{"line":14,"column":54}}},"6":{"name":"(anonymous_6)","line":15,"loc":{"start":{"line":15,"column":50},"end":{"line":15,"column":63}}},"7":{"name":"(anonymous_7)","line":24,"loc":{"start":{"line":24,"column":36},"end":{"line":24,"column":62}}}},"statementMap":{"1":{"start":{"line":1,"column":0},"end":{"line":1,"column":30}},"2":{"start":{"line":2,"column":0},"end":{"line":28,"column":5}},"3":{"start":{"line":3,"column":4},"end":{"line":5,"column":5}},"4":{"start":{"line":4,"column":8},"end":{"line":4,"column":32}},"5":{"start":{"line":6,"column":4},"end":{"line":13,"column":6}},"6":{"start":{"line":7,"column":8},"end":{"line":9,"column":11}},"7":{"start":{"line":8,"column":12},"end":{"line":8,"column":36}},"8":{"start":{"line":10,"column":8},"end":{"line":12,"column":9}},"9":{"start":{"line":11,"column":12},"end":{"line":11,"column":35}},"10":{"start":{"line":14,"column":4},"end":{"line":23,"column":6}},"11":{"start":{"line":15,"column":8},"end":{"line":17,"column":11}},"12":{"start":{"line":16,"column":12},"end":{"line":16,"column":36}},"13":{"start":{"line":18,"column":8},"end":{"line":22,"column":9}},"14":{"start":{"line":19,"column":12},"end":{"line":19,"column":51}},"15":{"start":{"line":20,"column":12},"end":{"line":20,"column":55}},"16":{"start":{"line":21,"column":12},"end":{"line":21,"column":35}},"17":{"start":{"line":24,"column":4},"end":{"line":26,"column":6}},"18":{"start":{"line":25,"column":8},"end":{"line":25,"column":68}},"19":{"start":{"line":27,"column":4},"end":{"line":27,"column":21}},"20":{"start":{"line":29,"column":0},"end":{"line":29,"column":30}}},"branchMap":{"1":{"line":10,"type":"if","locations":[{"start":{"line":10,"column":8},"end":{"line":10,"column":8}},{"start":{"line":10,"column":8},"end":{"line":10,"column":8}}]},"2":{"line":18,"type":"if","locations":[{"start":{"line":18,"column":8},"end":{"line":18,"column":8}},{"start":{"line":18,"column":8},"end":{"line":18,"column":8}}]}},"l":{"1":1,"2":1,"3":1,"4":0,"6":1,"7":0,"8":0,"10":0,"11":0,"14":1,"15":0,"16":0,"18":0,"19":0,"20":0,"21":0,"24":1,"25":0,"27":1,"29":1}}}
